<?xml version="1.0" encoding="UTF-8" ?>
<testsuites>
  <testsuite errors="0" failures="0" hostname="dina-PC" id="0" name="BrandInfo" package="brandInfo" skipped="0" tests="1" time="54.384" timestamp="2018-01-19T01:45:18">
      <properties>
[...]
</properties>

      <testcase classname="brandInfo.BrandInfo" name="brandInfo" time="50.155" />

      <system-out><![CDATA[]]></system-out>

      <system-err><![CDATA[Starting ChromeDriver 2.29.461591 (62ebf098771772160f391d75e589dc567915b233) on port 10151
Only local connections are allowed.
]]></system-err>

  </testsuite>
  <testsuite errors="0" failures="0" hostname="dina-PC" id="1" name="LasoBanner" package="brandInfo" skipped="0" tests="1" time="40.743" timestamp="2018-01-19T01:46:13">
      <properties>
[...]
</properties>

      <testcase classname="brandInfo.LasoBanner" name="lasoBanner" time="40.678" />

      <system-out><![CDATA[]]></system-out>

      <system-err><![CDATA[]]></system-err>

  </testsuite>
  <testsuite errors="0" failures="0" hostname="dina-PC" id="2" name="CorpCustomer" package="customerVehice" skipped="0" tests="1" time="20.679" timestamp="2018-01-19T01:44:03">
      <properties>
[...]
</properties>

      <testcase classname="customerVehice.CorpCustomer" name="corpCustomer" time="20.667" />

      <system-out><![CDATA[]]></system-out>

      <system-err><![CDATA[]]></system-err>

  </testsuite>
  <testsuite errors="1" failures="0" hostname="dina-PC" id="3" name="DeviceMana" package="customerVehice" skipped="0" tests="1" time="0.113" timestamp="2018-01-19T01:45:12">
      <properties>
[...]
</properties>

      <testcase classname="customerVehice.DeviceMana" name="deviceMana" time="0.104">
          <error message="Duplicate entry &apos;2017112101&apos; for key &apos;PRIMARY&apos;" type="com.mysql.jdbc.exceptions.jdbc4.MySQLIntegrityConstraintViolationException">com.mysql.jdbc.exceptions.jdbc4.MySQLIntegrityConstraintViolationException: Duplicate entry &apos;2017112101&apos; for key &apos;PRIMARY&apos;
	at java.lang.reflect.Constructor.newInstance(Unknown Source)
	at com.mysql.jdbc.Util.handleNewInstance(Util.java:406)
	at com.mysql.jdbc.Util.getInstance(Util.java:381)
	at com.mysql.jdbc.SQLError.createSQLException(SQLError.java:1015)
	at com.mysql.jdbc.SQLError.createSQLException(SQLError.java:956)
	at com.mysql.jdbc.MysqlIO.checkErrorPacket(MysqlIO.java:3491)
	at com.mysql.jdbc.MysqlIO.checkErrorPacket(MysqlIO.java:3423)
	at com.mysql.jdbc.MysqlIO.sendCommand(MysqlIO.java:1936)
	at com.mysql.jdbc.MysqlIO.sqlQueryDirect(MysqlIO.java:2060)
	at com.mysql.jdbc.ConnectionImpl.execSQL(ConnectionImpl.java:2536)
	at com.mysql.jdbc.StatementImpl.executeUpdate(StatementImpl.java:1564)
	at com.mysql.jdbc.StatementImpl.executeUpdate(StatementImpl.java:1485)
	at baseService.BaseService.mysqlConnect(Unknown Source)
	at customerVehice.DeviceMana.prepareData(Unknown Source)
	at customerVehice.DeviceMana.deviceMana(Unknown Source)
</error>

      </testcase>

      <system-out><![CDATA[]]></system-out>

      <system-err><![CDATA[]]></system-err>

  </testsuite>
  <testsuite errors="0" failures="0" hostname="dina-PC" id="4" name="FeedbackView" package="customerVehice" skipped="0" tests="1" time="6.473" timestamp="2018-01-19T01:45:12">
      <properties>
[...]
</properties>

      <testcase classname="customerVehice.FeedbackView" name="feedBackView" time="6.396" />

      <system-out><![CDATA[]]></system-out>

      <system-err><![CDATA[]]></system-err>

  </testsuite>
  <testsuite errors="0" failures="0" hostname="dina-PC" id="5" name="PersCustomer" package="customerVehice" skipped="0" tests="1" time="51.905" timestamp="2018-01-19T01:43:11">
      <properties>
[...]
</properties>

      <testcase classname="customerVehice.PersCustomer" name="individualCus" time="45.459" />

      <system-out><![CDATA[]]></system-out>

      <system-err><![CDATA[Starting ChromeDriver 2.29.461591 (62ebf098771772160f391d75e589dc567915b233) on port 42259
Only local connections are allowed.
]]></system-err>

  </testsuite>
  <testsuite errors="0" failures="0" hostname="dina-PC" id="6" name="VehicleMana" package="customerVehice" skipped="0" tests="1" time="48.169" timestamp="2018-01-19T01:44:24">
      <properties>
[...]
</properties>

      <testcase classname="customerVehice.VehicleMana" name="vehicleMana" time="48.158" />

      <system-out><![CDATA[]]></system-out>

      <system-err><![CDATA[]]></system-err>

  </testsuite>
  <testsuite errors="0" failures="0" hostname="dina-PC" id="7" name="AppClickStatic" package="summary" skipped="0" tests="1" time="31.381" timestamp="2018-01-19T01:53:05">
      <properties>
[...]
</properties>

      <testcase classname="summary.AppClickStatic" name="appClickStatic" time="30.987" />

      <system-out><![CDATA[]]></system-out>

      <system-err><![CDATA[]]></system-err>

  </testsuite>
  <testsuite errors="0" failures="0" hostname="dina-PC" id="8" name="BalanceMgr" package="summary" skipped="0" tests="1" time="55.787" timestamp="2018-01-19T01:51:29">
      <properties>
[...]
</properties>

      <testcase classname="summary.BalanceMgr" name="salesRankings" time="55.776" />

      <system-out><![CDATA[]]></system-out>

      <system-err><![CDATA[]]></system-err>

  </testsuite>
  <testsuite errors="0" failures="0" hostname="dina-PC" id="9" name="BonusStatic" package="summary" skipped="0" tests="1" time="37.428" timestamp="2018-01-19T01:50:07">
      <properties>
[...]
</properties>

      <testcase classname="summary.BonusStatic" name="bonusStatic" time="37.418" />

      <system-out><![CDATA[]]></system-out>

      <system-err><![CDATA[]]></system-err>

  </testsuite>
  <testsuite errors="0" failures="0" hostname="dina-PC" id="10" name="RepairSatisfy" package="summary" skipped="0" tests="1" time="17.531" timestamp="2018-01-19T01:52:48">
      <properties>
[...]
</properties>

      <testcase classname="summary.RepairSatisfy" name="repairSatisfy" time="17.521" />

      <system-out><![CDATA[]]></system-out>

      <system-err><![CDATA[]]></system-err>

  </testsuite>
  <testsuite errors="0" failures="0" hostname="dina-PC" id="11" name="SalesRankings" package="summary" skipped="0" tests="1" time="30.402" timestamp="2018-01-19T01:50:59">
      <properties>
[...]
</properties>

      <testcase classname="summary.SalesRankings" name="salesRankings" time="30.399" />

      <system-out><![CDATA[]]></system-out>

      <system-err><![CDATA[]]></system-err>

  </testsuite>
  <testsuite errors="0" failures="0" hostname="dina-PC" id="12" name="SalesStatic" package="summary" skipped="0" tests="1" time="14.23" timestamp="2018-01-19T01:50:45">
      <properties>
[...]
</properties>

      <testcase classname="summary.SalesStatic" name="salesStatic" time="14.221" />

      <system-out><![CDATA[]]></system-out>

      <system-err><![CDATA[]]></system-err>

  </testsuite>
  <testsuite errors="0" failures="0" hostname="dina-PC" id="13" name="SatisfactoryMaintenance" package="summary" skipped="0" tests="1" time="22.847" timestamp="2018-01-19T01:52:25">
      <properties>
[...]
</properties>

      <testcase classname="summary.SatisfactoryMaintenance" name="satisfactoryMaintenance" time="22.837" />

      <system-out><![CDATA[]]></system-out>

      <system-err><![CDATA[]]></system-err>

  </testsuite>
  <testsuite errors="0" failures="0" hostname="dina-PC" id="14" name="VehicleAddSummary" package="summary" skipped="0" tests="1" time="28.947" timestamp="2018-01-19T01:48:25">
      <properties>
[...]
</properties>

      <testcase classname="summary.VehicleAddSummary" name="vehAddSummary" time="28.935" />

      <system-out><![CDATA[]]></system-out>

      <system-err><![CDATA[]]></system-err>

  </testsuite>
  <testsuite errors="0" failures="0" hostname="dina-PC" id="15" name="VehicleBusinSummary" package="summary" skipped="0" tests="1" time="44.434" timestamp="2018-01-19T01:46:54">
      <properties>
[...]
</properties>

      <testcase classname="summary.VehicleBusinSummary" name="vehBusSummary" time="40.113" />

      <system-out><![CDATA[]]></system-out>

      <system-err><![CDATA[Starting ChromeDriver 2.29.461591 (62ebf098771772160f391d75e589dc567915b233) on port 17324
Only local connections are allowed.
]]></system-err>

  </testsuite>
  <testsuite errors="0" failures="0" hostname="dina-PC" id="16" name="VehicleDeviceSummary" package="summary" skipped="0" tests="1" time="17.789" timestamp="2018-01-19T01:48:54">
      <properties>
[...]
</properties>

      <testcase classname="summary.VehicleDeviceSummary" name="vehDeviceSummary" time="17.777" />

      <system-out><![CDATA[]]></system-out>

      <system-err><![CDATA[]]></system-err>

  </testsuite>
  <testsuite errors="0" failures="0" hostname="dina-PC" id="17" name="VehicleOnlineBookSummary" package="summary" skipped="0" tests="1" time="25.933" timestamp="2018-01-19T01:47:38">
      <properties>
[...]
</properties>

      <testcase classname="summary.VehicleOnlineBookSummary" name="vehicleOnlineBookSummary" time="25.913" />

      <system-out><![CDATA[]]></system-out>

      <system-err><![CDATA[]]></system-err>

  </testsuite>
  <testsuite errors="0" failures="0" hostname="dina-PC" id="18" name="VehicleServicePeriod" package="summary" skipped="0" tests="1" time="55.761" timestamp="2018-01-19T01:49:11">
      <properties>
[...]
</properties>

      <testcase classname="summary.VehicleServicePeriod" name="vehServicePeriod" time="55.746" />

      <system-out><![CDATA[]]></system-out>

      <system-err><![CDATA[]]></system-err>

  </testsuite>
  <testsuite errors="0" failures="0" hostname="dina-PC" id="19" name="VehicleTestDriveSummary" package="summary" skipped="0" tests="1" time="20.544" timestamp="2018-01-19T01:48:04">
      <properties>
[...]
</properties>

      <testcase classname="summary.VehicleTestDriveSummary" name="vehTestDriSum" time="20.528" />

      <system-out><![CDATA[]]></system-out>

      <system-err><![CDATA[]]></system-err>

  </testsuite>
</testsuites>
